#
# There is insufficient memory for the Java Runtime Environment to continue.
# Native memory allocation (malloc) failed to allocate 164656 bytes for Chunk::new
# Possible reasons:
#   The system is out of physical RAM or swap space
#   The process is running with CompressedOops enabled, and the Java Heap may be blocking the growth of the native heap
# Possible solutions:
#   Reduce memory load on the system
#   Increase physical memory or swap space
#   Check if swap backing store is full
#   Decrease Java heap size (-Xmx/-Xms)
#   Decrease number of Java threads
#   Decrease Java thread stack sizes (-Xss)
#   Set larger code cache with -XX:ReservedCodeCacheSize=
#   JVM is running with Zero Based Compressed Oops mode in which the Java heap is
#     placed in the first 32GB address space. The Java Heap base address is the
#     maximum limit for the native heap growth. Please use -XX:HeapBaseMinAddress
#     to set the Java Heap base and to place the Java Heap above 32GB virtual address.
# This output file may be truncated or incomplete.
#
#  Out of Memory Error (t:/workspace/open/src/hotspot/share/memory/arena.cpp:197), pid=7196, tid=11312
#
# JRE version: OpenJDK Runtime Environment (11.0.2+9) (build 11.0.2+9)
# Java VM: OpenJDK 64-Bit Server VM (11.0.2+9, mixed mode, tiered, compressed oops, g1 gc, windows-amd64)
# No core dump will be written. Minidumps are not enabled by default on client versions of Windows
#

---------------  S U M M A R Y ------------

Command Line: -Dsun.java2d.pmoffscreen=false -Dhttps.protocols=TLSv1,TLSv1.1,TLSv1.2 -Dsun.java2d.xrender=false -Dsun.java2d.d3d=false -Dsun.awt.nopixfmt=true -Dsun.java2d.dpiaware=true -Dsun.java2d.uiScale.enabled=false -Xverify:none -Dswing.aatext=true -XX:-UsePerfData -Djdk.map.althashing.threshold=512 -XX:StringTableSize=4072 --add-opens=java.base/java.nio=ALL-UNNAMED --add-opens=java.desktop/sun.swing=ALL-UNNAMED --add-opens=java.desktop/javax.swing=ALL-UNNAMED --add-opens=java.desktop/javax.swing.tree=ALL-UNNAMED --add-opens=java.desktop/javax.swing.plaf.basic=ALL-UNNAMED --add-opens=java.desktop/javax.swing.plaf.synth=ALL-UNNAMED --add-opens=java.desktop/com.sun.awt=ALL-UNNAMED -XX:NewSize=60m -XX:MaxNewSize=60m -Xms128m -Xmx3072m -Xss5m 

Host: Intel(R) Core(TM) i3-6006U CPU @ 2.00GHz, 4 cores, 3G,  Windows 10 , 64 bit Build 19041 (10.0.19041.1023)
Time: Sun Jul  4 18:06:23 2021 Hora oficial do Brasil elapsed time: 758 seconds (0d 0h 12m 38s)

---------------  T H R E A D  ---------------

Current thread (0x000001c9d218c800):  JavaThread "C2 CompilerThread0" daemon [_thread_in_native, id=11312, stack(0x0000006803b00000,0x0000006803c00000)]


Current CompileTask:
C2: 758538 13743       4       de.javasoft.plaf.synthetica.painter.ImagePainter::drawBottomLeft (136 bytes)

Stack: [0x0000006803b00000,0x0000006803c00000]
Native frames: (J=compiled Java code, j=interpreted, Vv=VM code, C=native code)
V  [jvm.dll+0x63489a]
V  [jvm.dll+0x771f9f]
V  [jvm.dll+0x773648]
V  [jvm.dll+0x773d03]
V  [jvm.dll+0x25eba8]
V  [jvm.dll+0xc2191]
V  [jvm.dll+0xc271c]
V  [jvm.dll+0x2cf964]
V  [jvm.dll+0x55129f]
V  [jvm.dll+0x21ab0f]
V  [jvm.dll+0x217a46]
V  [jvm.dll+0x194370]
V  [jvm.dll+0x226b3f]
V  [jvm.dll+0x225148]
V  [jvm.dll+0x73774d]
V  [jvm.dll+0x633942]
C  [ucrtbase.dll+0x21bb2]
C  [KERNEL32.DLL+0x17034]
C  [ntdll.dll+0x52651]


---------------  P R O C E S S  ---------------

Threads class SMR info:
_java_thread_list=0x000001ca0c609fd0, length=30, elements={
0x000001c9d2464800, 0x000001c9d20b8800, 0x000001c9d25f5800, 0x000001c9d2622800,
0x000001c9d91a7800, 0x000001c9d218c800, 0x000001c9d786f800, 0x000001c9d7870800,
0x000001c9d25af800, 0x000001c9d25ad800, 0x000001c9d25b3000, 0x000001c9d25b0800,
0x000001c9d25b4000, 0x000001c9d25b1800, 0x000001c9d25af000, 0x000001c9e2cf4800,
0x000001c9e2cf4000, 0x000001c9e2cf2800, 0x000001c9e2cf6800, 0x000001c9e2cf5800,
0x000001c9e2cf7000, 0x000001c9e2cfd800, 0x000001c9e2cfc000, 0x000001c9e2cf9000,
0x000001c9e2cf8000, 0x000001c9e2cff800, 0x000001c9e2cf9800, 0x000001c9e2cfe800,
0x000001c9e2cf3000, 0x000001c989e1a000
}

Java Threads: ( => current thread )
  0x000001c9d2464800 JavaThread "main" [_thread_blocked, id=10636, stack(0x0000006802200000,0x0000006802300000)]
  0x000001c9d20b8800 JavaThread "Reference Handler" daemon [_thread_blocked, id=7624, stack(0x0000006802700000,0x0000006802c00000)]
  0x000001c9d25f5800 JavaThread "Finalizer" daemon [_thread_blocked, id=11908, stack(0x0000006802c00000,0x0000006803100000)]
  0x000001c9d2622800 JavaThread "Signal Dispatcher" daemon [_thread_blocked, id=11496, stack(0x0000006803100000,0x0000006803600000)]
  0x000001c9d91a7800 JavaThread "Attach Listener" daemon [_thread_blocked, id=5684, stack(0x0000006803600000,0x0000006803b00000)]
=>0x000001c9d218c800 JavaThread "C2 CompilerThread0" daemon [_thread_in_native, id=11312, stack(0x0000006803b00000,0x0000006803c00000)]
  0x000001c9d786f800 JavaThread "C1 CompilerThread0" daemon [_thread_blocked, id=8888, stack(0x0000006803c00000,0x0000006803d00000)]
  0x000001c9d7870800 JavaThread "Sweeper thread" daemon [_thread_blocked, id=10596, stack(0x0000006803d00000,0x0000006804200000)]
  0x000001c9d25af800 JavaThread "Common-Cleaner" daemon [_thread_blocked, id=13228, stack(0x0000006804200000,0x0000006804700000)]
  0x000001c9d25ad800 JavaThread "Service Thread" daemon [_thread_blocked, id=9336, stack(0x0000006804700000,0x0000006804c00000)]
  0x000001c9d25b3000 JavaThread "Java2D Disposer" daemon [_thread_blocked, id=10756, stack(0x0000006804e00000,0x0000006805300000)]
  0x000001c9d25b0800 JavaThread "AWT-Windows" daemon [_thread_in_native, id=10212, stack(0x0000006805800000,0x0000006805d00000)]
  0x000001c9d25b4000 JavaThread "TimerQueue" daemon [_thread_blocked, id=4988, stack(0x0000006805d00000,0x0000006806200000)]
  0x000001c9d25b1800 JavaThread "AWT-EventQueue-0" [_thread_blocked, id=5744, stack(0x0000006806c00000,0x0000006807100000)]
  0x000001c9d25af000 JavaThread "Thread-1" [_thread_in_native, id=10476, stack(0x0000006800c00000,0x0000006802000000)]
  0x000001c9e2cf4800 JavaThread "Process Messages Thread" [_thread_blocked, id=9924, stack(0x0000006807100000,0x0000006807600000)]
  0x000001c9e2cf4000 JavaThread "AWT-Shutdown" [_thread_blocked, id=10888, stack(0x0000006806200000,0x0000006806700000)]
  0x000001c9e2cf2800 JavaThread "Batik CleanerThread" daemon [_thread_blocked, id=11472, stack(0x0000006806700000,0x0000006806c00000)]
  0x000001c9e2cf6800 JavaThread "SyntheticaCleanerThread" daemon [_thread_blocked, id=8504, stack(0x0000006807800000,0x0000006807d00000)]
  0x000001c9e2cf5800 JavaThread "SyntheticaAnimation 50" daemon [_thread_blocked, id=2900, stack(0x0000006808500000,0x0000006808a00000)]
  0x000001c9e2cf7000 JavaThread "SyntheticaAnimation 25" daemon [_thread_blocked, id=10796, stack(0x0000006808a00000,0x0000006808f00000)]
  0x000001c9e2cfd800 JavaThread "SyntheticaAnimation 70" daemon [_thread_blocked, id=5740, stack(0x0000006809400000,0x0000006809900000)]
  0x000001c9e2cfc000 JavaThread "Refresh Filesets Swing Worker Thread" [_thread_blocked, id=12500, stack(0x0000006807f00000,0x0000006808400000)]
  0x000001c9e2cf9000 JavaThread "hw_ila_monitor" [_thread_blocked, id=8068, stack(0x0000006809900000,0x0000006809e00000)]
  0x000001c9e2cf8000 JavaThread "pool-1-thread-1" [_thread_blocked, id=8264, stack(0x000000680a800000,0x000000680ad00000)]
  0x000001c9e2cff800 JavaThread "pool-2-thread-1" [_thread_blocked, id=8936, stack(0x000000680ad00000,0x000000680b200000)]
  0x000001c9e2cf9800 JavaThread "pool-3-thread-1" [_thread_blocked, id=5348, stack(0x000000680b200000,0x000000680b700000)]
  0x000001c9e2cfe800 JavaThread "Update Runs Swing Worker Thread" [_thread_blocked, id=5268, stack(0x000000680b700000,0x000000680bc00000)]
  0x000001c9e2cf3000 JavaThread "Open Elaborated Design Thread" [_thread_in_native, id=10840, stack(0x000000680a300000,0x000000680a800000)]
  0x000001c989e1a000 JavaThread "Messages View GetMessages Thread" [_thread_in_vm, id=1256, stack(0x0000006808f00000,0x0000006809400000)]

Other Threads:
  0x000001c9d1eee000 VMThread "VM Thread" [stack: 0x0000006802600000,0x0000006802700000] [id=9904]
  0x000001c9d80e6000 WatcherThread [stack: 0x0000006804c00000,0x0000006804d00000] [id=12328]
  0x000001c9d7ec1800 GCTaskThread "GC Thread#0" [stack: 0x0000006800800000,0x0000006800900000] [id=888]
  0x000001c9e2230800 GCTaskThread "GC Thread#1" [stack: 0x0000006805500000,0x0000006805600000] [id=7392]
  0x000001c9d6eb0800 GCTaskThread "GC Thread#2" [stack: 0x0000006805600000,0x0000006805700000] [id=2208]
  0x000001c9b801d800 GCTaskThread "GC Thread#3" [stack: 0x0000006805700000,0x0000006805800000] [id=6088]
  0x000001c9d259a800 ConcurrentGCThread "G1 Main Marker" [stack: 0x0000006800900000,0x0000006800a00000] [id=9864]
  0x000001c9b7864800 ConcurrentGCThread "G1 Conc#0" [stack: 0x0000006802300000,0x0000006802400000] [id=5052]
  0x000001c9d1fb0800 ConcurrentGCThread "G1 Refine#0" [stack: 0x0000006802400000,0x0000006802500000] [id=11056]
  0x000001c9d549f800 ConcurrentGCThread "G1 Refine#1" [stack: 0x0000006807600000,0x0000006807700000] [id=7348]
  0x000001c9e260c800 ConcurrentGCThread "G1 Refine#2" [stack: 0x0000006807700000,0x0000006807800000] [id=460]
  0x000001c9d0916800 ConcurrentGCThread "G1 Young RemSet Sampling" [stack: 0x0000006802500000,0x0000006802600000] [id=1824]

Threads with active compile tasks:
C2 CompilerThread013743       4       de.javasoft.plaf.synthetica.painter.ImagePainter::drawBottomLeft (136 bytes)

VM state:synchronizing (normal execution)

VM Mutex/Monitor currently owned by a thread:  ([mutex/lock_event])
[0x000001c9b77cd830] Threads_lock - owner thread: 0x000001c9d1eee000

OutOfMemory and StackOverflow Exception counts:
OutOfMemoryError java_heap_errors=2
LinkageErrors=111

Heap address: 0x0000000740000000, size: 3072 MB, Compressed Oops mode: Zero based, Oop shift amount: 3
Narrow klass base: 0x0000000800000000, Narrow klass shift: 0
Compressed class space size: 1073741824 Address: 0x0000000800000000

Heap:
 garbage-first heap   total 145408K, used 81989K [0x0000000740000000, 0x0000000800000000)
  region size 1024K, 13 young (13312K), 0 survivors (0K)
 Metaspace       used 80241K, capacity 82123K, committed 82388K, reserved 1120256K
  class space    used 11254K, capacity 12109K, committed 12236K, reserved 1048576K
Heap Regions: E=young(eden), S=young(survivor), O=old, HS=humongous(starts), HC=humongous(continues), CS=collection set, F=free, A=archive, TAMS=top-at-mark-start (previous, next)
|   0|0x0000000740000000, 0x0000000740100000, 0x0000000740100000|100%|HS|  |TAMS 0x0000000740000000, 0x0000000740000000| Untracked 
|   1|0x0000000740100000, 0x0000000740200000, 0x0000000740200000|100%|HC|  |TAMS 0x0000000740100000, 0x0000000740100000| Untracked 
|   2|0x0000000740200000, 0x0000000740300000, 0x0000000740300000|100%|HS|  |TAMS 0x0000000740200000, 0x0000000740200000| Untracked 
|   3|0x0000000740300000, 0x00000007403fff38, 0x0000000740400000| 99%| O|  |TAMS 0x0000000740300000, 0x0000000740300000| Untracked 
|   4|0x0000000740400000, 0x00000007404fbfc0, 0x0000000740500000| 98%| O|  |TAMS 0x0000000740400000, 0x0000000740400000| Untracked 
|   5|0x0000000740500000, 0x00000007405ffff8, 0x0000000740600000| 99%| O|  |TAMS 0x0000000740500000, 0x0000000740500000| Untracked 
|   6|0x0000000740600000, 0x00000007406ffff0, 0x0000000740700000| 99%| O|  |TAMS 0x0000000740600000, 0x0000000740600000| Untracked 
|   7|0x0000000740700000, 0x00000007407fff48, 0x0000000740800000| 99%| O|  |TAMS 0x0000000740700000, 0x0000000740700000| Untracked 
|   8|0x0000000740800000, 0x00000007408fff68, 0x0000000740900000| 99%| O|  |TAMS 0x0000000740800000, 0x0000000740800000| Untracked 
|   9|0x0000000740900000, 0x00000007409ffdc8, 0x0000000740a00000| 99%| O|  |TAMS 0x0000000740900000, 0x0000000740900000| Untracked 
|  10|0x0000000740a00000, 0x0000000740afe088, 0x0000000740b00000| 99%| O|  |TAMS 0x0000000740a00000, 0x0000000740a00000| Untracked 
|  11|0x0000000740b00000, 0x0000000740bfcd58, 0x0000000740c00000| 98%| O|  |TAMS 0x0000000740b00000, 0x0000000740b00000| Untracked 
|  12|0x0000000740c00000, 0x0000000740cfd518, 0x0000000740d00000| 98%| O|  |TAMS 0x0000000740c00000, 0x0000000740c00000| Untracked 
|  13|0x0000000740d00000, 0x0000000740dffff8, 0x0000000740e00000| 99%| O|  |TAMS 0x0000000740d00000, 0x0000000740d00000| Untracked 
|  14|0x0000000740e00000, 0x0000000740efffe0, 0x0000000740f00000| 99%| O|  |TAMS 0x0000000740e00000, 0x0000000740e00000| Untracked 
|  15|0x0000000740f00000, 0x0000000741000000, 0x0000000741000000|100%| O|  |TAMS 0x0000000740f00000, 0x0000000740f00000| Untracked 
|  16|0x0000000741000000, 0x00000007410ffff0, 0x0000000741100000| 99%| O|  |TAMS 0x0000000741000000, 0x0000000741000000| Untracked 
|  17|0x0000000741100000, 0x00000007411fffe8, 0x0000000741200000| 99%| O|  |TAMS 0x0000000741100000, 0x0000000741100000| Untracked 
|  18|0x0000000741200000, 0x00000007412ff940, 0x0000000741300000| 99%| O|  |TAMS 0x0000000741200000, 0x0000000741200000| Untracked 
|  19|0x0000000741300000, 0x00000007413ffdc8, 0x0000000741400000| 99%| O|  |TAMS 0x0000000741300000, 0x0000000741300000| Untracked 
|  20|0x0000000741400000, 0x0000000741500000, 0x0000000741500000|100%| O|  |TAMS 0x0000000741400000, 0x0000000741400000| Untracked 
|  21|0x0000000741500000, 0x00000007415ffff0, 0x0000000741600000| 99%| O|  |TAMS 0x0000000741500000, 0x0000000741500000| Untracked 
|  22|0x0000000741600000, 0x0000000741700000, 0x0000000741700000|100%| O|  |TAMS 0x0000000741600000, 0x0000000741600000| Untracked 
|  23|0x0000000741700000, 0x00000007417ffff8, 0x0000000741800000| 99%| O|  |TAMS 0x0000000741700000, 0x0000000741700000| Untracked 
|  24|0x0000000741800000, 0x00000007418fffd8, 0x0000000741900000| 99%| O|  |TAMS 0x0000000741800000, 0x0000000741800000| Untracked 
|  25|0x0000000741900000, 0x00000007419ffff8, 0x0000000741a00000| 99%| O|  |TAMS 0x0000000741900000, 0x0000000741900000| Untracked 
|  26|0x0000000741a00000, 0x0000000741affff8, 0x0000000741b00000| 99%| O|  |TAMS 0x0000000741a00000, 0x0000000741a00000| Untracked 
|  27|0x0000000741b00000, 0x0000000741c00000, 0x0000000741c00000|100%| O|  |TAMS 0x0000000741b00000, 0x0000000741b00000| Untracked 
|  28|0x0000000741c00000, 0x0000000741cffff0, 0x0000000741d00000| 99%| O|  |TAMS 0x0000000741c00000, 0x0000000741c00000| Untracked 
|  29|0x0000000741d00000, 0x0000000741e00000, 0x0000000741e00000|100%| O|  |TAMS 0x0000000741d00000, 0x0000000741d00000| Untracked 
|  30|0x0000000741e00000, 0x0000000741effff0, 0x0000000741f00000| 99%| O|  |TAMS 0x0000000741e00000, 0x0000000741e00000| Untracked 
|  31|0x0000000741f00000, 0x0000000742000000, 0x0000000742000000|100%| O|  |TAMS 0x0000000741f00000, 0x0000000741f00000| Untracked 
|  32|0x0000000742000000, 0x0000000742100000, 0x0000000742100000|100%| O|  |TAMS 0x0000000742000000, 0x0000000742000000| Untracked 
|  33|0x0000000742100000, 0x0000000742200000, 0x0000000742200000|100%| O|  |TAMS 0x0000000742100000, 0x0000000742100000| Untracked 
|  34|0x0000000742200000, 0x00000007422ffff0, 0x0000000742300000| 99%| O|  |TAMS 0x0000000742200000, 0x0000000742200000| Untracked 
|  35|0x0000000742300000, 0x0000000742400000, 0x0000000742400000|100%| O|  |TAMS 0x0000000742300000, 0x0000000742300000| Untracked 
|  36|0x0000000742400000, 0x0000000742500000, 0x0000000742500000|100%|HS|  |TAMS 0x0000000742400000, 0x0000000742400000| Untracked 
|  37|0x0000000742500000, 0x0000000742600000, 0x0000000742600000|100%|HC|  |TAMS 0x0000000742500000, 0x0000000742500000| Untracked 
|  38|0x0000000742600000, 0x0000000742700000, 0x0000000742700000|100%|HC|  |TAMS 0x0000000742600000, 0x0000000742600000| Untracked 
|  39|0x0000000742700000, 0x0000000742800000, 0x0000000742800000|100%|HC|  |TAMS 0x0000000742700000, 0x0000000742700000| Untracked 
|  40|0x0000000742800000, 0x00000007428ffff0, 0x0000000742900000| 99%| O|  |TAMS 0x0000000742800000, 0x0000000742800000| Untracked 
|  41|0x0000000742900000, 0x00000007429ffff8, 0x0000000742a00000| 99%| O|  |TAMS 0x0000000742900000, 0x0000000742900000| Untracked 
|  42|0x0000000742a00000, 0x0000000742b00000, 0x0000000742b00000|100%| O|  |TAMS 0x0000000742a00000, 0x0000000742a00000| Untracked 
|  43|0x0000000742b00000, 0x0000000742c00000, 0x0000000742c00000|100%| O|  |TAMS 0x0000000742b00000, 0x0000000742b00000| Untracked 
|  44|0x0000000742c00000, 0x0000000742d00000, 0x0000000742d00000|100%| O|  |TAMS 0x0000000742c00000, 0x0000000742c00000| Untracked 
|  45|0x0000000742d00000, 0x0000000742dffed8, 0x0000000742e00000| 99%| O|  |TAMS 0x0000000742d00000, 0x0000000742d00000| Untracked 
|  46|0x0000000742e00000, 0x0000000742efffc0, 0x0000000742f00000| 99%| O|  |TAMS 0x0000000742e00000, 0x0000000742e00000| Untracked 
|  47|0x0000000742f00000, 0x0000000742ffffe8, 0x0000000743000000| 99%| O|  |TAMS 0x0000000742f00000, 0x0000000742f00000| Untracked 
|  48|0x0000000743000000, 0x0000000743100000, 0x0000000743100000|100%| O|  |TAMS 0x0000000743000000, 0x0000000743000000| Untracked 
|  49|0x0000000743100000, 0x00000007431ff318, 0x0000000743200000| 99%| O|  |TAMS 0x0000000743100000, 0x0000000743100000| Untracked 
|  50|0x0000000743200000, 0x00000007432fe3a8, 0x0000000743300000| 99%| O|  |TAMS 0x0000000743200000, 0x0000000743200000| Untracked 
|  51|0x0000000743300000, 0x0000000743400000, 0x0000000743400000|100%| O|  |TAMS 0x0000000743300000, 0x0000000743300000| Untracked 
|  52|0x0000000743400000, 0x0000000743500000, 0x0000000743500000|100%| O|  |TAMS 0x0000000743400000, 0x0000000743400000| Untracked 
|  53|0x0000000743500000, 0x00000007435fffc0, 0x0000000743600000| 99%| O|  |TAMS 0x0000000743500000, 0x0000000743500000| Untracked 
|  54|0x0000000743600000, 0x00000007436fffd8, 0x0000000743700000| 99%| O|  |TAMS 0x0000000743600000, 0x0000000743600000| Untracked 
|  55|0x0000000743700000, 0x00000007437ffff8, 0x0000000743800000| 99%| O|  |TAMS 0x0000000743700000, 0x0000000743700000| Untracked 
|  56|0x0000000743800000, 0x00000007438fffe8, 0x0000000743900000| 99%| O|  |TAMS 0x0000000743800000, 0x0000000743800000| Untracked 
|  57|0x0000000743900000, 0x00000007439fff48, 0x0000000743a00000| 99%| O|  |TAMS 0x0000000743900000, 0x0000000743900000| Untracked 
|  58|0x0000000743a00000, 0x0000000743affff8, 0x0000000743b00000| 99%| O|  |TAMS 0x0000000743a00000, 0x0000000743a00000| Untracked 
|  59|0x0000000743b00000, 0x0000000743bffff0, 0x0000000743c00000| 99%| O|  |TAMS 0x0000000743b00000, 0x0000000743b00000| Untracked 
|  60|0x0000000743c00000, 0x0000000743cff830, 0x0000000743d00000| 99%| O|  |TAMS 0x0000000743c00000, 0x0000000743c00000| Untracked 
|  61|0x0000000743d00000, 0x0000000743dfffe8, 0x0000000743e00000| 99%| O|  |TAMS 0x0000000743d00000, 0x0000000743d00000| Untracked 
|  62|0x0000000743e00000, 0x0000000743efffe0, 0x0000000743f00000| 99%| O|  |TAMS 0x0000000743e00000, 0x0000000743e00000| Untracked 
|  63|0x0000000743f00000, 0x0000000743fffcf0, 0x0000000744000000| 99%| O|  |TAMS 0x0000000743f00000, 0x0000000743f00000| Untracked 
|  64|0x0000000744000000, 0x0000000744100000, 0x0000000744100000|100%| O|  |TAMS 0x0000000744000000, 0x0000000744000000| Untracked 
|  65|0x0000000744100000, 0x00000007441ffff0, 0x0000000744200000| 99%| O|  |TAMS 0x0000000744100000, 0x0000000744100000| Untracked 
|  66|0x0000000744200000, 0x00000007442ffec8, 0x0000000744300000| 99%| O|  |TAMS 0x0000000744200000, 0x0000000744200000| Untracked 
|  67|0x0000000744300000, 0x00000007443ffff8, 0x0000000744400000| 99%| O|  |TAMS 0x0000000744300000, 0x0000000744300000| Untracked 
|  68|0x0000000744400000, 0x0000000744415270, 0x0000000744500000|  8%| O|  |TAMS 0x0000000744400000, 0x0000000744400000| Untracked 
|  69|0x0000000744500000, 0x000000074450c838, 0x0000000744600000|  4%| O|  |TAMS 0x0000000744500000, 0x0000000744500000| Untracked 
|  70|0x0000000744600000, 0x0000000744600000, 0x0000000744700000|  0%| F|  |TAMS 0x0000000744600000, 0x0000000744600000| Untracked 
|  71|0x0000000744700000, 0x0000000744700000, 0x0000000744800000|  0%| F|  |TAMS 0x0000000744700000, 0x0000000744700000| Untracked 
|  72|0x0000000744800000, 0x0000000744800000, 0x0000000744900000|  0%| F|  |TAMS 0x0000000744800000, 0x0000000744800000| Untracked 
|  73|0x0000000744900000, 0x0000000744900000, 0x0000000744a00000|  0%| F|  |TAMS 0x0000000744900000, 0x0000000744900000| Untracked 
|  74|0x0000000744a00000, 0x0000000744a00000, 0x0000000744b00000|  0%| F|  |TAMS 0x0000000744a00000, 0x0000000744a00000| Untracked 
|  75|0x0000000744b00000, 0x0000000744b00000, 0x0000000744c00000|  0%| F|  |TAMS 0x0000000744b00000, 0x0000000744b00000| Untracked 
|  76|0x0000000744c00000, 0x0000000744c00000, 0x0000000744d00000|  0%| F|  |TAMS 0x0000000744c00000, 0x0000000744c00000| Untracked 
|  77|0x0000000744d00000, 0x0000000744d00000, 0x0000000744e00000|  0%| F|  |TAMS 0x0000000744d00000, 0x0000000744d00000| Untracked 
|  78|0x0000000744e00000, 0x0000000744e00000, 0x0000000744f00000|  0%| F|  |TAMS 0x0000000744e00000, 0x0000000744e00000| Untracked 
|  79|0x0000000744f00000, 0x0000000744f00000, 0x0000000745000000|  0%| F|  |TAMS 0x0000000744f00000, 0x0000000744f00000| Untracked 
|  80|0x0000000745000000, 0x0000000745000000, 0x0000000745100000|  0%| F|  |TAMS 0x0000000745000000, 0x0000000745000000| Untracked 
|  81|0x0000000745100000, 0x0000000745100000, 0x0000000745200000|  0%| F|  |TAMS 0x0000000745100000, 0x0000000745100000| Untracked 
|  82|0x0000000745200000, 0x0000000745200000, 0x0000000745300000|  0%| F|  |TAMS 0x0000000745200000, 0x0000000745200000| Untracked 
|  83|0x0000000745300000, 0x0000000745300000, 0x0000000745400000|  0%| F|  |TAMS 0x0000000745300000, 0x0000000745300000| Untracked 
|  84|0x0000000745400000, 0x0000000745400000, 0x0000000745500000|  0%| F|  |TAMS 0x0000000745400000, 0x0000000745400000| Untracked 
|  85|0x0000000745500000, 0x0000000745500000, 0x0000000745600000|  0%| F|  |TAMS 0x0000000745500000, 0x0000000745500000| Untracked 
|  86|0x0000000745600000, 0x0000000745600000, 0x0000000745700000|  0%| F|  |TAMS 0x0000000745600000, 0x0000000745600000| Untracked 
|  87|0x0000000745700000, 0x0000000745700000, 0x0000000745800000|  0%| F|  |TAMS 0x0000000745700000, 0x0000000745700000| Untracked 
|  88|0x0000000745800000, 0x0000000745800000, 0x0000000745900000|  0%| F|  |TAMS 0x0000000745800000, 0x0000000745800000| Untracked 
|  89|0x0000000745900000, 0x0000000745900000, 0x0000000745a00000|  0%| F|  |TAMS 0x0000000745900000, 0x0000000745900000| Untracked 
|  90|0x0000000745a00000, 0x0000000745a00000, 0x0000000745b00000|  0%| F|  |TAMS 0x0000000745a00000, 0x0000000745a00000| Untracked 
|  91|0x0000000745b00000, 0x0000000745b00000, 0x0000000745c00000|  0%| F|  |TAMS 0x0000000745b00000, 0x0000000745b00000| Untracked 
|  92|0x0000000745c00000, 0x0000000745c00000, 0x0000000745d00000|  0%| F|  |TAMS 0x0000000745c00000, 0x0000000745c00000| Untracked 
|  93|0x0000000745d00000, 0x0000000745d00000, 0x0000000745e00000|  0%| F|  |TAMS 0x0000000745d00000, 0x0000000745d00000| Untracked 
|  94|0x0000000745e00000, 0x0000000745e00000, 0x0000000745f00000|  0%| F|  |TAMS 0x0000000745e00000, 0x0000000745e00000| Untracked 
|  95|0x0000000745f00000, 0x0000000745f00000, 0x0000000746000000|  0%| F|  |TAMS 0x0000000745f00000, 0x0000000745f00000| Untracked 
|  96|0x0000000746000000, 0x0000000746000000, 0x0000000746100000|  0%| F|  |TAMS 0x0000000746000000, 0x0000000746000000| Untracked 
|  97|0x0000000746100000, 0x0000000746100000, 0x0000000746200000|  0%| F|  |TAMS 0x0000000746100000, 0x0000000746100000| Untracked 
|  98|0x0000000746200000, 0x0000000746200000, 0x0000000746300000|  0%| F|  |TAMS 0x0000000746200000, 0x0000000746200000| Untracked 
|  99|0x0000000746300000, 0x0000000746300000, 0x0000000746400000|  0%| F|  |TAMS 0x0000000746300000, 0x0000000746300000| Untracked 
| 100|0x0000000746400000, 0x0000000746400000, 0x0000000746500000|  0%| F|  |TAMS 0x0000000746400000, 0x0000000746400000| Untracked 
| 101|0x0000000746500000, 0x0000000746500000, 0x0000000746600000|  0%| F|  |TAMS 0x0000000746500000, 0x0000000746500000| Untracked 
| 102|0x0000000746600000, 0x0000000746600000, 0x0000000746700000|  0%| F|  |TAMS 0x0000000746600000, 0x0000000746600000| Untracked 
| 103|0x0000000746700000, 0x0000000746700000, 0x0000000746800000|  0%| F|  |TAMS 0x0000000746700000, 0x0000000746700000| Untracked 
| 104|0x0000000746800000, 0x0000000746800000, 0x0000000746900000|  0%| F|  |TAMS 0x0000000746800000, 0x0000000746800000| Untracked 
| 105|0x0000000746900000, 0x0000000746900000, 0x0000000746a00000|  0%| F|  |TAMS 0x0000000746900000, 0x0000000746900000| Untracked 
| 106|0x0000000746a00000, 0x0000000746a00000, 0x0000000746b00000|  0%| F|  |TAMS 0x0000000746a00000, 0x0000000746a00000| Untracked 
| 107|0x0000000746b00000, 0x0000000746b00000, 0x0000000746c00000|  0%| F|  |TAMS 0x0000000746b00000, 0x0000000746b00000| Untracked 
| 108|0x0000000746c00000, 0x0000000746c00000, 0x0000000746d00000|  0%| F|  |TAMS 0x0000000746c00000, 0x0000000746c00000| Untracked 
| 109|0x0000000746d00000, 0x0000000746d00000, 0x0000000746e00000|  0%| F|  |TAMS 0x0000000746d00000, 0x0000000746d00000| Untracked 
| 110|0x0000000746e00000, 0x0000000746e00000, 0x0000000746f00000|  0%| F|  |TAMS 0x0000000746e00000, 0x0000000746e00000| Untracked 
| 111|0x0000000746f00000, 0x0000000746f00000, 0x0000000747000000|  0%| F|  |TAMS 0x0000000746f00000, 0x0000000746f00000| Untracked 
| 112|0x0000000747000000, 0x0000000747000000, 0x0000000747100000|  0%| F|  |TAMS 0x0000000747000000, 0x0000000747000000| Untracked 
| 113|0x0000000747100000, 0x0000000747100000, 0x0000000747200000|  0%| F|  |TAMS 0x0000000747100000, 0x0000000747100000| Untracked 
| 114|0x0000000747200000, 0x0000000747200000, 0x0000000747300000|  0%| F|  |TAMS 0x0000000747200000, 0x0000000747200000| Untracked 
| 115|0x0000000747300000, 0x0000000747300000, 0x0000000747400000|  0%| F|  |TAMS 0x0000000747300000, 0x0000000747300000| Untracked 
| 116|0x0000000747400000, 0x0000000747400000, 0x0000000747500000|  0%| F|  |TAMS 0x0000000747400000, 0x0000000747400000| Untracked 
| 117|0x0000000747500000, 0x0000000747500000, 0x0000000747600000|  0%| F|  |TAMS 0x0000000747500000, 0x0000000747500000| Untracked 
| 118|0x0000000747600000, 0x0000000747600000, 0x0000000747700000|  0%| F|  |TAMS 0x0000000747600000, 0x0000000747600000| Untracked 
| 119|0x0000000747700000, 0x0000000747700000, 0x0000000747800000|  0%| F|  |TAMS 0x0000000747700000, 0x0000000747700000| Untracked 
| 120|0x0000000747800000, 0x0000000747800000, 0x0000000747900000|  0%| F|  |TAMS 0x0000000747800000, 0x0000000747800000| Untracked 
| 121|0x0000000747900000, 0x0000000747900000, 0x0000000747a00000|  0%| F|  |TAMS 0x0000000747900000, 0x0000000747900000| Untracked 
| 122|0x0000000747a00000, 0x0000000747a00000, 0x0000000747b00000|  0%| F|  |TAMS 0x0000000747a00000, 0x0000000747a00000| Untracked 
| 123|0x0000000747b00000, 0x0000000747b00000, 0x0000000747c00000|  0%| F|  |TAMS 0x0000000747b00000, 0x0000000747b00000| Untracked 
| 124|0x0000000747c00000, 0x0000000747c00000, 0x0000000747d00000|  0%| F|  |TAMS 0x0000000747c00000, 0x0000000747c00000| Untracked 
| 125|0x0000000747d00000, 0x0000000747d00000, 0x0000000747e00000|  0%| F|  |TAMS 0x0000000747d00000, 0x0000000747d00000| Untracked 
| 126|0x0000000747e00000, 0x0000000747e00000, 0x0000000747f00000|  0%| F|  |TAMS 0x0000000747e00000, 0x0000000747e00000| Untracked 
| 127|0x0000000747f00000, 0x0000000747f00000, 0x0000000748000000|  0%| F|  |TAMS 0x0000000747f00000, 0x0000000747f00000| Untracked 
| 128|0x0000000748000000, 0x0000000748000000, 0x0000000748100000|  0%| F|  |TAMS 0x0000000748000000, 0x0000000748000000| Untracked 
| 129|0x0000000748100000, 0x00000007481d3cf8, 0x0000000748200000| 82%| E|  |TAMS 0x0000000748100000, 0x0000000748100000| Complete 
| 130|0x0000000748200000, 0x0000000748300000, 0x0000000748300000|100%| E|CS|TAMS 0x0000000748200000, 0x0000000748200000| Complete 
| 131|0x0000000748300000, 0x0000000748400000, 0x0000000748400000|100%| E|CS|TAMS 0x0000000748300000, 0x0000000748300000| Complete 
| 132|0x0000000748400000, 0x0000000748500000, 0x0000000748500000|100%| E|CS|TAMS 0x0000000748400000, 0x0000000748400000| Complete 
| 133|0x0000000748500000, 0x0000000748600000, 0x0000000748600000|100%| E|CS|TAMS 0x0000000748500000, 0x0000000748500000| Complete 
| 134|0x0000000748600000, 0x0000000748700000, 0x0000000748700000|100%| E|CS|TAMS 0x0000000748600000, 0x0000000748600000| Complete 
| 135|0x0000000748700000, 0x0000000748800000, 0x0000000748800000|100%| E|CS|TAMS 0x0000000748700000, 0x0000000748700000| Complete 
| 136|0x0000000748800000, 0x0000000748900000, 0x0000000748900000|100%| E|CS|TAMS 0x0000000748800000, 0x0000000748800000| Complete 
| 137|0x0000000748900000, 0x0000000748a00000, 0x0000000748a00000|100%| E|CS|TAMS 0x0000000748900000, 0x0000000748900000| Complete 
| 138|0x0000000748a00000, 0x0000000748b00000, 0x0000000748b00000|100%| E|CS|TAMS 0x0000000748a00000, 0x0000000748a00000| Complete 
| 139|0x0000000748b00000, 0x0000000748c00000, 0x0000000748c00000|100%| E|CS|TAMS 0x0000000748b00000, 0x0000000748b00000| Complete 
| 140|0x0000000748c00000, 0x0000000748d00000, 0x0000000748d00000|100%| E|CS|TAMS 0x0000000748c00000, 0x0000000748c00000| Complete 
| 141|0x0000000748d00000, 0x0000000748e00000, 0x0000000748e00000|100%| E|CS|TAMS 0x0000000748d00000, 0x0000000748d00000| Complete 

Card table byte_map: [0x000001c9d0010000,0x000001c9d0610000] _byte_map_base: 0x000001c9cc610000

Marking Bits (Prev, Next): (CMBitMap*) 0x000001c9d9043e88, (CMBitMap*) 0x000001c9d9043ec0
 Prev Bits: [0x000001c9d9210000, 0x000001c9dc210000)
 Next Bits: [0x000001c9dc210000, 0x000001c9df210000)

Polling page: 0x000001c9b21c0000

Metaspace:

Usage:
  Non-class:     68.37 MB capacity,    67.37 MB ( 99%) used,   778.55 KB (  1%) free+waste,   248.69 KB ( <1%) overhead. 
      Class:     11.83 MB capacity,    10.99 MB ( 93%) used,   732.93 KB (  6%) free+waste,   121.75 KB (  1%) overhead. 
       Both:     80.20 MB capacity,    78.36 MB ( 98%) used,     1.48 MB (  2%) free+waste,   370.44 KB ( <1%) overhead. 

Virtual space:
  Non-class space:       70.00 MB reserved,      68.51 MB ( 98%) committed 
      Class space:        1.00 GB reserved,      11.95 MB (  1%) committed 
             Both:        1.07 GB reserved,      80.46 MB (  7%) committed 

Chunk freelists:
   Non-Class:  1.25 KB
       Class:  2.38 KB
        Both:  3.63 KB

CodeHeap 'non-profiled nmethods': size=120064Kb used=10002Kb max_used=10002Kb free=110061Kb
 bounds [0x000001c9c83c0000, 0x000001c9c8d90000, 0x000001c9cf900000]
CodeHeap 'profiled nmethods': size=120000Kb used=28294Kb max_used=28684Kb free=91705Kb
 bounds [0x000001c9c0e90000, 0x000001c9c2ac0000, 0x000001c9c83c0000]
CodeHeap 'non-nmethods': size=5696Kb used=1576Kb max_used=1684Kb free=4119Kb
 bounds [0x000001c9c0900000, 0x000001c9c0b70000, 0x000001c9c0e90000]
 total_blobs=19114 nmethods=11389 adapters=1006
 compilation: enabled
              stopped_count=0, restarted_count=0
 full_count=0

Compilation events (10 events):
Event: 753.613 Thread 0x000001c9d786f800 13740       3       ui.views.w.b.at::q (58 bytes)
Event: 753.799 Thread 0x000001c9d786f800 nmethod 13740 0x000001c9c13dec90 code [0x000001c9c13deee0, 0x000001c9c13dfa30]
Event: 754.162 Thread 0x000001c9d218c800 nmethod 13737 0x000001c9c8d75610 code [0x000001c9c8d75c20, 0x000001c9c8d7f3c8]
Event: 754.162 Thread 0x000001c9d218c800 13738       4       de.javasoft.plaf.synthetica.painter.ImagePainter::drawLeft (148 bytes)
Event: 754.189 Thread 0x000001c9d218c800 nmethod 13738 0x000001c9c8d84210 code [0x000001c9c8d84400, 0x000001c9c8d84e28]
Event: 755.610 Thread 0x000001c9d786f800 13741       3       ui.views.U.N::aY (16 bytes)
Event: 755.711 Thread 0x000001c9d786f800 nmethod 13741 0x000001c9c147f790 code [0x000001c9c147f960, 0x000001c9c147fbf0]
Event: 755.711 Thread 0x000001c9d786f800 13742       3       ui.frmwork.w::aOw (1 bytes)
Event: 755.711 Thread 0x000001c9d786f800 nmethod 13742 0x000001c9c103b190 code [0x000001c9c103b340, 0x000001c9c103b498]
Event: 755.997 Thread 0x000001c9d218c800 13743       4       de.javasoft.plaf.synthetica.painter.ImagePainter::drawBottomLeft (136 bytes)

GC Heap History (10 events):
Event: 258.348 GC heap before
{Heap before GC invocations=23 (full 1):
 garbage-first heap   total 143360K, used 132553K [0x0000000740000000, 0x0000000800000000)
  region size 1024K, 60 young (61440K), 7 survivors (7168K)
 Metaspace       used 79930K, capacity 81818K, committed 82004K, reserved 1120256K
  class space    used 11246K, capacity 12074K, committed 12108K, reserved 1048576K
}
Event: 258.380 GC heap after
{Heap after GC invocations=24 (full 1):
 garbage-first heap   total 145408K, used 79733K [0x0000000740000000, 0x0000000800000000)
  region size 1024K, 2 young (2048K), 2 survivors (2048K)
 Metaspace       used 79930K, capacity 81818K, committed 82004K, reserved 1120256K
  class space    used 11246K, capacity 12074K, committed 12108K, reserved 1048576K
}
Event: 281.293 GC heap before
{Heap before GC invocations=24 (full 1):
 garbage-first heap   total 145408K, used 112501K [0x0000000740000000, 0x0000000800000000)
  region size 1024K, 35 young (35840K), 2 survivors (2048K)
 Metaspace       used 80072K, capacity 81984K, committed 82132K, reserved 1120256K
  class space    used 11252K, capacity 12108K, committed 12236K, reserved 1048576K
}
Event: 281.488 GC heap after
{Heap after GC invocations=25 (full 2):
 garbage-first heap   total 145408K, used 70195K [0x0000000740000000, 0x0000000800000000)
  region size 1024K, 0 young (0K), 0 survivors (0K)
 Metaspace       used 80072K, capacity 81984K, committed 82132K, reserved 1120256K
  class space    used 11252K, capacity 12108K, committed 12236K, reserved 1048576K
}
Event: 311.324 GC heap before
{Heap before GC invocations=25 (full 2):
 garbage-first heap   total 145408K, used 77363K [0x0000000740000000, 0x0000000800000000)
  region size 1024K, 8 young (8192K), 0 survivors (0K)
 Metaspace       used 80099K, capacity 81984K, committed 82132K, reserved 1120256K
  class space    used 11252K, capacity 12108K, committed 12236K, reserved 1048576K
}
Event: 311.499 GC heap after
{Heap after GC invocations=26 (full 3):
 garbage-first heap   total 145408K, used 69598K [0x0000000740000000, 0x0000000800000000)
  region size 1024K, 0 young (0K), 0 survivors (0K)
 Metaspace       used 80099K, capacity 81984K, committed 82132K, reserved 1120256K
  class space    used 11252K, capacity 12108K, committed 12236K, reserved 1048576K
}
Event: 667.837 GC heap before
{Heap before GC invocations=26 (full 3):
 garbage-first heap   total 145408K, used 111582K [0x0000000740000000, 0x0000000800000000)
  region size 1024K, 42 young (43008K), 0 survivors (0K)
 Metaspace       used 80174K, capacity 82059K, committed 82388K, reserved 1120256K
  class space    used 11253K, capacity 12109K, committed 12236K, reserved 1048576K
}
Event: 673.217 GC heap after
{Heap after GC invocations=27 (full 4):
 garbage-first heap   total 145408K, used 69870K [0x0000000740000000, 0x0000000800000000)
  region size 1024K, 0 young (0K), 0 survivors (0K)
 Metaspace       used 80174K, capacity 82059K, committed 82388K, reserved 1120256K
  class space    used 11253K, capacity 12109K, committed 12236K, reserved 1048576K
}
Event: 738.351 GC heap before
{Heap before GC invocations=27 (full 4):
 garbage-first heap   total 145408K, used 105710K [0x0000000740000000, 0x0000000800000000)
  region size 1024K, 36 young (36864K), 0 survivors (0K)
 Metaspace       used 80211K, capacity 82123K, committed 82388K, reserved 1120256K
  class space    used 11253K, capacity 12109K, committed 12236K, reserved 1048576K
}
Event: 738.823 GC heap after
{Heap after GC invocations=28 (full 5):
 garbage-first heap   total 145408K, used 69701K [0x0000000740000000, 0x0000000800000000)
  region size 1024K, 0 young (0K), 0 survivors (0K)
 Metaspace       used 80211K, capacity 82123K, committed 82388K, reserved 1120256K
  class space    used 11253K, capacity 12109K, committed 12236K, reserved 1048576K
}

Deoptimization events (10 events):
Event: 260.012 Thread 0x000001c9d25b1800 Uncommon trap: reason=unstable_if action=reinterpret pc=0x000001c9c87807c0 method=sun.swing.plaf.synth.DefaultSynthStyle.getColor(Ljavax/swing/JComponent;Ljavax/swing/plaf/synth/Region;ILjavax/swing/plaf/synth/ColorType;)Ljava/awt/Color; @ 84 c2
Event: 260.019 Thread 0x000001c9d25b1800 Uncommon trap: reason=unstable_if action=reinterpret pc=0x000001c9c8893e10 method=de.javasoft.plaf.synthetica.SyntheticaDefaultLookup.getDefault(Ljavax/swing/JComponent;Ljavax/swing/plaf/ComponentUI;Ljava/lang/String;)Ljava/lang/Object; @ 425 c2
Event: 260.337 Thread 0x000001c9d25b1800 Uncommon trap: reason=unstable_if action=reinterpret pc=0x000001c9c88b3ce4 method=javax.swing.AbstractButton.setEnabled(Z)V @ 13 c2
Event: 260.337 Thread 0x000001c9d25b1800 Uncommon trap: reason=class_check action=maybe_recompile pc=0x000001c9c85d3910 method=java.awt.KeyboardFocusManager.clearMostRecentFocusOwner(Ljava/awt/Component;)V @ 67 c2
Event: 260.339 Thread 0x000001c9d25b1800 Uncommon trap: reason=unstable_if action=reinterpret pc=0x000001c9c8ca5be4 method=java.awt.Container.findComponentAtImpl(IIZ)Ljava/awt/Component; @ 24 c2
Event: 260.358 Thread 0x000001c9d25b1800 Uncommon trap: reason=class_check action=maybe_recompile pc=0x000001c9c85d3910 method=java.awt.KeyboardFocusManager.clearMostRecentFocusOwner(Ljava/awt/Component;)V @ 67 c2
Event: 341.488 Thread 0x000001c9d25af800 Uncommon trap: reason=unstable_if action=reinterpret pc=0x000001c9c8c4b1f8 method=java.lang.ref.ReferenceQueue.remove(J)Ljava/lang/ref/Reference; @ 70 c2
Event: 487.163 Thread 0x000001c9e2cf5800 Uncommon trap: reason=unstable_if action=reinterpret pc=0x000001c9c8d05f20 method=de.javasoft.plaf.synthetica.painter.AnimationThreadFactory$AnimationThread.run()V @ 265 c2
Event: 683.875 Thread 0x000001c9d25b4000 Uncommon trap: reason=unstable_if action=reinterpret pc=0x000001c9c8d38f34 method=java.util.concurrent.locks.AbstractQueuedSynchronizer.acquireInterruptibly(I)V @ 19 c2
Event: 687.243 Thread 0x000001c9d25b1800 Uncommon trap: reason=intrinsic_or_type_checked_inlining action=make_not_entrant pc=0x000001c9c8d59628 method=java.util.ArrayList$SubList.toArray([Ljava/lang/Object;)[Ljava/lang/Object; @ 58 c2

Classes redefined (0 events):
No events

Internal exceptions (10 events):
Event: 728.254 Thread 0x000001c9d25b1800 Exception <a 'java/io/FileNotFoundException'{0x00000007470fd350}> (0x00000007470fd350) thrown at [t:/workspace/open/src/hotspot/share/prims/jni.cpp, line 615]
Event: 733.228 Thread 0x000001c9d25b1800 Exception <a 'java/io/FileNotFoundException'{0x0000000746d59088}> (0x0000000746d59088) thrown at [t:/workspace/open/src/hotspot/share/prims/jni.cpp, line 615]
Event: 733.255 Thread 0x000001c9d25b1800 Exception <a 'java/io/FileNotFoundException'{0x0000000746d59f08}> (0x0000000746d59f08) thrown at [t:/workspace/open/src/hotspot/share/prims/jni.cpp, line 615]
Event: 738.255 Thread 0x000001c9d25b1800 Exception <a 'java/io/FileNotFoundException'{0x0000000746a15ce0}> (0x0000000746a15ce0) thrown at [t:/workspace/open/src/hotspot/share/prims/jni.cpp, line 615]
Event: 739.230 Thread 0x000001c9d25b1800 Exception <a 'java/io/FileNotFoundException'{0x0000000748d5fa00}> (0x0000000748d5fa00) thrown at [t:/workspace/open/src/hotspot/share/prims/jni.cpp, line 615]
Event: 743.258 Thread 0x000001c9d25b1800 Exception <a 'java/io/FileNotFoundException'{0x0000000748b71860}> (0x0000000748b71860) thrown at [t:/workspace/open/src/hotspot/share/prims/jni.cpp, line 615]
Event: 745.231 Thread 0x000001c9d25b1800 Exception <a 'java/io/FileNotFoundException'{0x0000000748a42c00}> (0x0000000748a42c00) thrown at [t:/workspace/open/src/hotspot/share/prims/jni.cpp, line 615]
Event: 748.257 Thread 0x000001c9d25b1800 Exception <a 'java/io/FileNotFoundException'{0x00000007489f5bd0}> (0x00000007489f5bd0) thrown at [t:/workspace/open/src/hotspot/share/prims/jni.cpp, line 615]
Event: 751.233 Thread 0x000001c9d25b1800 Exception <a 'java/io/FileNotFoundException'{0x00000007487712d8}> (0x00000007487712d8) thrown at [t:/workspace/open/src/hotspot/share/prims/jni.cpp, line 615]
Event: 753.609 Thread 0x000001c9d25b1800 Exception <a 'java/io/FileNotFoundException'{0x0000000748648f68}> (0x0000000748648f68) thrown at [t:/workspace/open/src/hotspot/share/prims/jni.cpp, line 615]

Events (10 events):
Event: 751.497 Thread 0x000001c989e20000 Thread added: 0x000001c989e20000
Event: 751.503 Thread 0x000001c989e20000 Thread exited: 0x000001c989e20000
Event: 753.225 Thread 0x000001c989e1a000 Thread added: 0x000001c989e1a000
Event: 753.231 Executing VM operation: RevokeBias
Event: 753.609 Executing VM operation: RevokeBias done
Event: 753.609 Thread 0x000001c989e1a000 Thread exited: 0x000001c989e1a000
Event: 753.612 Thread 0x000001c989e20000 Thread added: 0x000001c989e20000
Event: 753.621 Thread 0x000001c989e20000 Thread exited: 0x000001c989e20000
Event: 755.610 Thread 0x000001c989e20000 Thread added: 0x000001c989e20000
Event: 755.617 Thread 0x000001c989e20000 Thread exited: 0x000001c989e20000


Dynamic libraries:
0x00007ff70ddc0000 - 0x00007ff70ddf1000 	C:\Xilinx\Vivado\2020.3\bin\unwrapped\win64.o\vivado.exe
0x00007ffda6f30000 - 0x00007ffda7125000 	C:\WINDOWS\SYSTEM32\ntdll.dll
0x00007ffda55d0000 - 0x00007ffda568d000 	C:\WINDOWS\System32\KERNEL32.DLL
0x00007ffda4780000 - 0x00007ffda4a48000 	C:\WINDOWS\System32\KERNELBASE.dll
0x00007ffda4dc0000 - 0x00007ffda4ec0000 	C:\WINDOWS\System32\ucrtbase.dll
0x00007ffd83270000 - 0x00007ffd83316000 	C:\WINDOWS\SYSTEM32\MSVCP140.dll
0x00007ffd83d60000 - 0x00007ffd83d76000 	C:\WINDOWS\SYSTEM32\VCRUNTIME140.dll
0x00007ffd60b30000 - 0x00007ffd61ca4000 	C:\Xilinx\Vivado\2020.3\lib\win64.o\librdi_common.dll
0x00007ffda62c0000 - 0x00007ffda6460000 	C:\WINDOWS\System32\USER32.dll
0x00007ffda4a50000 - 0x00007ffda4a72000 	C:\WINDOWS\System32\win32u.dll
0x00007ffda6ec0000 - 0x00007ffda6eea000 	C:\WINDOWS\System32\GDI32.dll
0x00007ffda4670000 - 0x00007ffda477b000 	C:\WINDOWS\System32\gdi32full.dll
0x00007ffd607c0000 - 0x00007ffd60b2e000 	C:\Xilinx\Vivado\2020.3\lib\win64.o\libCOIN-all.dll
0x00007ffda4ad0000 - 0x00007ffda4b6d000 	C:\WINDOWS\System32\msvcp_win.dll
0x00007ffda5690000 - 0x00007ffda573c000 	C:\WINDOWS\System32\ADVAPI32.dll
0x00007ffda6dc0000 - 0x00007ffda6e5e000 	C:\WINDOWS\System32\msvcrt.dll
0x00007ffda6220000 - 0x00007ffda62bb000 	C:\WINDOWS\System32\sechost.dll
0x00007ffda5aa0000 - 0x00007ffda5bcb000 	C:\WINDOWS\System32\RPCRT4.dll
0x00007ffda64c0000 - 0x00007ffda6bff000 	C:\WINDOWS\System32\SHELL32.dll
0x00007ffda6d50000 - 0x00007ffda6dbb000 	C:\WINDOWS\System32\WS2_32.dll
0x00007ffda4f70000 - 0x00007ffda4f97000 	C:\WINDOWS\System32\bcrypt.dll
0x00007ffd91fd0000 - 0x00007ffd92043000 	C:\Xilinx\Vivado\2020.3\lib\win64.o\libboost_program_options.dll
0x00007ffd74ed0000 - 0x00007ffd74fe1000 	C:\Xilinx\Vivado\2020.3\lib\win64.o\libboost_regex.dll
0x00007ffd9e980000 - 0x00007ffd9e989000 	C:\Xilinx\Vivado\2020.3\lib\win64.o\libboost_system.dll
0x00007ffd9ea00000 - 0x00007ffd9ea22000 	C:\Xilinx\Vivado\2020.3\lib\win64.o\libboost_filesystem.dll
0x00007ffd9da50000 - 0x00007ffd9da6e000 	C:\Xilinx\Vivado\2020.3\lib\win64.o\libboost_thread.dll
0x00007ffd9e970000 - 0x00007ffd9e980000 	C:\Xilinx\Vivado\2020.3\lib\win64.o\libboost_date_time.dll
0x00007ffd9e0b0000 - 0x00007ffd9e0bc000 	C:\Xilinx\Vivado\2020.3\lib\win64.o\libboost_xilinx.dll
0x00007ffd7e150000 - 0x00007ffd7e1f5000 	C:\Xilinx\Vivado\2020.3\lib\win64.o\libhdxml.dll
0x00007ffd82800000 - 0x00007ffd82882000 	C:\Xilinx\Vivado\2020.3\lib\win64.o\libhdlpsolve.dll
0x00007ffd5f0d0000 - 0x00007ffd5fec2600 	C:\Xilinx\Vivado\2020.3\lib\win64.o\libisl_iostreams.dll
0x00007ffd9b050000 - 0x00007ffd9b078000 	C:\Xilinx\Vivado\2020.3\lib\win64.o\libisl_sysinfo.dll
0x00007ffd91590000 - 0x00007ffd915f5000 	C:\Xilinx\Vivado\2020.3\lib\win64.o\liblmx6.0.dll
0x00007ffd77240000 - 0x00007ffd773d9000 	C:\Xilinx\Vivado\2020.3\lib\win64.o\librdi_commonxillic.dll
0x00007ffd92850000 - 0x00007ffd9286c000 	C:\Xilinx\Vivado\2020.3\lib\win64.o\librdiconfig.dll
0x00007ffda6cd0000 - 0x00007ffda6d25000 	C:\WINDOWS\System32\SHLWAPI.dll
0x00007ffd93d60000 - 0x00007ffd93d81000 	C:\Xilinx\Vivado\2020.3\lib\win64.o\librdizlib.dll
0x0000000012000000 - 0x0000000012270000 	C:\Xilinx\Vivado\2020.3\lib\win64.o\xerces-c_3_1.dll
0x00007ffd9b030000 - 0x00007ffd9b04a000 	C:\Xilinx\Vivado\2020.3\lib\win64.o\pthreadVC2.dll
0x00007ffd8afe0000 - 0x00007ffd8aff8000 	C:\WINDOWS\SYSTEM32\NETAPI32.dll
0x00007ffd83880000 - 0x00007ffd83d5d000 	C:\WINDOWS\SYSTEM32\WININET.dll
0x00007ffd91120000 - 0x00007ffd9122b000 	C:\WINDOWS\SYSTEM32\WINHTTP.dll
0x00007ffd962f0000 - 0x00007ffd964dc000 	C:\WINDOWS\SYSTEM32\urlmon.dll
0x0000000075100000 - 0x000000007522b000 	C:\Xilinx\Vivado\2020.3\lib\win64.o\tcl85t.dll
0x00007ffd8f370000 - 0x00007ffd8f397000 	C:\WINDOWS\SYSTEM32\VCOMP140.DLL
0x00007ffd9ea30000 - 0x00007ffd9ea48000 	C:\Xilinx\Vivado\2020.3\lib\win64.o\librdi_commonmain.dll
0x00007ffd9cc10000 - 0x00007ffd9cc19000 	C:\WINDOWS\SYSTEM32\WSOCK32.dll
0x00007ffd57910000 - 0x00007ffd59827000 	C:\Xilinx\Vivado\2020.3\lib\win64.o\gurobi90.dll
0x00007ffd92830000 - 0x00007ffd92846000 	C:\Xilinx\Vivado\2020.3\lib\win64.o\libboost_iostreams.dll
0x00007ffd9d3a0000 - 0x00007ffd9d3ac000 	C:\Xilinx\Vivado\2020.3\lib\win64.o\libboost_chrono.dll
0x00007ffda4bd0000 - 0x00007ffda4d2f000 	C:\WINDOWS\System32\CRYPT32.dll
0x00007ffd8f340000 - 0x00007ffd8f363000 	C:\Xilinx\Vivado\2020.3\lib\win64.o\libisl_iosutils.dll
0x00007ffda6460000 - 0x00007ffda64b6000 	C:\WINDOWS\System32\WLDAP32.dll
0x00007ffda6000000 - 0x00007ffda6008000 	C:\WINDOWS\System32\Normaliz.dll
0x00007ffd92920000 - 0x00007ffd92bd0000 	C:\WINDOWS\SYSTEM32\iertutil.dll
0x00007ffd6d790000 - 0x00007ffd6da6b000 	C:\Xilinx\Vivado\2020.3\lib\win64.o\libXil_lmgr11.dll
0x00007ffda5740000 - 0x00007ffda5a95000 	C:\WINDOWS\System32\combase.dll
0x00007ffda5bd0000 - 0x00007ffda5caa000 	C:\WINDOWS\System32\COMDLG32.dll
0x00007ffda5cb0000 - 0x00007ffda5d5e000 	C:\WINDOWS\System32\shcore.dll
0x00007ffd9e990000 - 0x00007ffd9e999000 	C:\Xilinx\Vivado\2020.3\lib\win64.o\librdi_commonversion.dll
0x00007ffda3b80000 - 0x00007ffda3b8c000 	C:\WINDOWS\SYSTEM32\NETUTILS.DLL
0x00007ffd92300000 - 0x00007ffd923b0000 	C:\WINDOWS\WinSxS\amd64_microsoft.windows.common-controls_6595b64144ccf1df_5.82.19041.844_none_423537bff6b9828c\COMCTL32.dll
0x00007ffda6c00000 - 0x00007ffda6ccd000 	C:\WINDOWS\System32\OLEAUT32.dll
0x00007ffda5420000 - 0x00007ffda554a000 	C:\WINDOWS\System32\ole32.dll
0x00007ffda3d80000 - 0x00007ffda3dea000 	C:\WINDOWS\SYSTEM32\MSWSOCK.DLL
0x00007ffda4b70000 - 0x00007ffda4bd0000 	C:\WINDOWS\System32\WINTRUST.dll
0x00007ffd9c820000 - 0x00007ffd9c83d000 	C:\WINDOWS\SYSTEM32\dhcpcsvc.DLL
0x00007ffda6010000 - 0x00007ffda6040000 	C:\WINDOWS\System32\IMM32.DLL
0x00007ffda4190000 - 0x00007ffda41a2000 	C:\WINDOWS\SYSTEM32\MSASN1.dll
0x00007ffda25c0000 - 0x00007ffda25d2000 	C:\WINDOWS\SYSTEM32\kernel.appcore.dll
0x00007ffd60290000 - 0x00007ffd607b4000 	C:\Xilinx\Vivado\2020.3\lib\win64.o\librdi_commontasks.dll
0x00007ffd9f120000 - 0x00007ffd9f12a000 	C:\WINDOWS\SYSTEM32\VERSION.dll
0x00007ffd6b4f0000 - 0x00007ffd6b7c6000 	C:\Xilinx\Vivado\2020.3\lib\win64.o\librdi_sio.dll
0x00007ffd5e5a0000 - 0x00007ffd5f0c3000 	C:\Xilinx\Vivado\2020.3\tps\win64\jre11.0.2\bin\server\jvm.dll
0x00007ffda3a70000 - 0x00007ffda3aab000 	C:\WINDOWS\SYSTEM32\IPHLPAPI.DLL
0x00007ffda4fa0000 - 0x00007ffda4fa8000 	C:\WINDOWS\System32\PSAPI.DLL
0x00007ffd957d0000 - 0x00007ffd957f7000 	C:\WINDOWS\SYSTEM32\WINMM.dll
0x00007ffda27c0000 - 0x00007ffda2f50000 	C:\WINDOWS\SYSTEM32\windows.storage.dll
0x00007ffda4010000 - 0x00007ffda403c000 	C:\WINDOWS\SYSTEM32\Wldp.dll
0x00007ffd54dd0000 - 0x00007ffd5790b000 	C:\Xilinx\Vivado\2020.3\lib\win64.o\librdi_tcltasks.dll
0x00007ffd54920000 - 0x00007ffd54dcb000 	C:\Xilinx\Vivado\2020.3\lib\win64.o\librdi_bitstream.dll
0x00007ffd6dcc0000 - 0x00007ffd6dea7000 	C:\Xilinx\Vivado\2020.3\lib\win64.o\librdi_chipscopeimpl.dll
0x00007ffd52ab0000 - 0x00007ffd5491a000 	C:\Xilinx\Vivado\2020.3\lib\win64.o\librdi_constraints.dll
0x00007ffd6f5c0000 - 0x00007ffd6f721000 	C:\Xilinx\Vivado\2020.3\lib\win64.o\librdi_containers.dll
0x00007ffd50670000 - 0x00007ffd52aa8000 	C:\Xilinx\Vivado\2020.3\lib\win64.o\librdi_coregen.dll
0x00007ffd4ff50000 - 0x00007ffd50667000 	C:\Xilinx\Vivado\2020.3\lib\win64.o\librdi_coregenipxact.dll
0x00007ffd4e170000 - 0x00007ffd4ff44000 	C:\Xilinx\Vivado\2020.3\lib\win64.o\librdi_designutils.dll
0x00007ffcf9ab0000 - 0x00007ffd12bcd000 	C:\Xilinx\Vivado\2020.3\lib\win64.o\librdi_device.dll
0x00007ffd5e220000 - 0x00007ffd5e598000 	C:\Xilinx\Vivado\2020.3\lib\win64.o\librdi_dlyest.dll
0x00007ffd4db00000 - 0x00007ffd4e16f000 	C:\Xilinx\Vivado\2020.3\lib\win64.o\librdi_drc.dll
0x00007ffd70d70000 - 0x00007ffd70e65000 	C:\Xilinx\Vivado\2020.3\lib\win64.o\librdi_chipscope.dll
0x00007ffd4d440000 - 0x00007ffd4db00000 	C:\Xilinx\Vivado\2020.3\lib\win64.o\librdi_filemgmt.dll
0x00007ffd6f740000 - 0x00007ffd6f8f5000 	C:\Xilinx\Vivado\2020.3\lib\win64.o\librdi_board.dll
0x00007ffd84d20000 - 0x00007ffd84d9e000 	C:\Xilinx\Vivado\2020.3\lib\win64.o\librdi_boarddep.dll
0x00007ffd7cb30000 - 0x00007ffd7cb9b000 	C:\Xilinx\Vivado\2020.3\lib\win64.o\librdi_hdf.dll
0x00007ffd710d0000 - 0x00007ffd71183000 	C:\Xilinx\Vivado\2020.3\lib\win64.o\librdi_dsp.dll
0x00007ffd69ef0000 - 0x00007ffd6a16d000 	C:\Xilinx\Vivado\2020.3\lib\win64.o\librdi_hip_devdesign.dll
0x00007ffd69d40000 - 0x00007ffd69e87000 	C:\Xilinx\Vivado\2020.3\lib\win64.o\librdi_hip_perf_analysis.dll
0x00007ffd4beb0000 - 0x00007ffd4d435000 	C:\Xilinx\Vivado\2020.3\lib\win64.o\librdi_implflow.dll
0x00007ffd4ae10000 - 0x00007ffd4b12d000 	C:\Xilinx\Vivado\2020.3\lib\win64.o\librdi_guitools.dll
0x00007ffd48610000 - 0x00007ffd4aa6b000 	C:\Xilinx\Vivado\2020.3\lib\win64.o\librdi_mig.dll
0x00007ffd7cab0000 - 0x00007ffd7cb22000 	C:\Xilinx\Vivado\2020.3\lib\win64.o\librdi_memoryarray.dll
0x00007ffd4b130000 - 0x00007ffd4b859000 	C:\Xilinx\Vivado\2020.3\lib\win64.o\librdi_netlist.dll
0x00007ffd4b860000 - 0x00007ffd4beac000 	C:\Xilinx\Vivado\2020.3\lib\win64.o\librdi_memdata.dll
0x00007ffd799b0000 - 0x00007ffd79a04000 	C:\Xilinx\Vivado\2020.3\lib\win64.o\librdi_pfi.dll
0x00007ffd4aa70000 - 0x00007ffd4ae0f000 	C:\Xilinx\Vivado\2020.3\lib\win64.o\librdi_platform.dll
0x00007ffd453e0000 - 0x00007ffd4860f000 	C:\Xilinx\Vivado\2020.3\lib\win64.o\librdi_place.dll
0x00007ffd44b80000 - 0x00007ffd453d5000 	C:\Xilinx\Vivado\2020.3\lib\win64.o\librdi_power.dll
0x00007ffd435c0000 - 0x00007ffd43c39000 	C:\Xilinx\Vivado\2020.3\lib\win64.o\librdi_project.dll
0x00007ffd44450000 - 0x00007ffd44b71000 	C:\Xilinx\Vivado\2020.3\lib\win64.o\librdi_psta.dll
0x00007ffd43c40000 - 0x00007ffd4444d000 	C:\Xilinx\Vivado\2020.3\lib\win64.o\librdi_rsb.dll
0x00007ffd6e910000 - 0x00007ffd6ea1a000 	C:\Xilinx\Vivado\2020.3\lib\win64.o\librdi_runsbase.dll
0x00007ffd631a0000 - 0x00007ffd63414000 	C:\Xilinx\Vivado\2020.3\lib\win64.o\librdi_simdata.dll
0x00007ffd42b80000 - 0x00007ffd430a8000 	C:\Xilinx\Vivado\2020.3\lib\win64.o\librdi_runs.dll
0x00007ffd6f510000 - 0x00007ffd6f5b6000 	C:\Xilinx\Vivado\2020.3\lib\win64.o\librdi_xhubtasks.dll
0x00007ffd6caf0000 - 0x00007ffd6cbfd000 	C:\Xilinx\Vivado\2020.3\lib\win64.o\librdi_xhub.dll
0x00007ffd40cd0000 - 0x00007ffd41d38000 	C:\Xilinx\Vivado\2020.3\lib\win64.o\librdi_timing.dll
0x00007ffd41d40000 - 0x00007ffd42b73000 	C:\Xilinx\Vivado\2020.3\lib\win64.o\librdi_cdoutil.dll
0x00007ffd789a0000 - 0x00007ffd789e7000 	C:\Xilinx\Vivado\2020.3\lib\win64.o\libboost_serialization.dll
0x00007ffd6df40000 - 0x00007ffd6e031000 	C:\Xilinx\Vivado\2020.3\lib\win64.o\librdi_ipconfig_readwrite.dll
0x00007ffd9eb20000 - 0x00007ffd9eb89000 	C:\Xilinx\Vivado\2020.3\lib\win64.o\librdi_noc_frameworks.dll
0x00007ffd84ab0000 - 0x00007ffd84af6000 	C:\Xilinx\Vivado\2020.3\lib\win64.o\libboost_graph.dll
0x00007ffd66310000 - 0x00007ffd663ec000 	C:\Xilinx\Vivado\2020.3\lib\win64.o\librdi_bda.dll
0x00007ffd40170000 - 0x00007ffd40cc6000 	C:\Xilinx\Vivado\2020.3\lib\win64.o\libverific.dll
0x00007ffd43290000 - 0x00007ffd435c0000 	C:\Xilinx\Vivado\2020.3\lib\win64.o\librdi_hip_config.dll
0x00007ffd3f420000 - 0x00007ffd3f96e000 	C:\Xilinx\Vivado\2020.3\lib\win64.o\librdi_xdm.dll
0x00007ffd3f970000 - 0x00007ffd40170000 	C:\Xilinx\Vivado\2020.3\lib\win64.o\librdi_ippcw.dll
0x00007ffd69b50000 - 0x00007ffd69d36000 	C:\Xilinx\Vivado\2020.3\lib\win64.o\librdi_advchipscopeimpl.dll

dbghelp: loaded successfully - version: 4.0.5 - missing functions: none
symbol engine: initialized successfully - sym options: 0x614 - pdb path: .;C:\Xilinx\Vivado\2020.3\bin\unwrapped\win64.o;C:\WINDOWS\SYSTEM32;C:\Xilinx\Vivado\2020.3\lib\win64.o;C:\WINDOWS\WinSxS\amd64_microsoft.windows.common-controls_6595b64144ccf1df_5.82.19041.844_none_423537bff6b9828c;C:\Xilinx\Vivado\2020.3\tps\win64\jre11.0.2\bin\server;C:\Xilinx\Vivado\2020.3\tps\win64\python-3.8.3;C:\Xilinx\Vivado\2020.3\tps\win64\jre11.0.2\bin;C:\WINDOWS\WinSxS\amd64_microsoft.windows.common-controls_6595b64144ccf1df_6.0.19041.1052_none_60b8f8fd71f5e8cb

VM Arguments:
jvm_args: -Dsun.java2d.pmoffscreen=false -Dhttps.protocols=TLSv1,TLSv1.1,TLSv1.2 -Dsun.java2d.xrender=false -Dsun.java2d.d3d=false -Dsun.awt.nopixfmt=true -Dsun.java2d.dpiaware=true -Dsun.java2d.uiScale.enabled=false -Xverify:none -Dswing.aatext=true -XX:-UsePerfData -Djdk.map.althashing.threshold=512 -XX:StringTableSize=4072 --add-opens=java.base/java.nio=ALL-UNNAMED --add-opens=java.desktop/sun.swing=ALL-UNNAMED --add-opens=java.desktop/javax.swing=ALL-UNNAMED --add-opens=java.desktop/javax.swing.tree=ALL-UNNAMED --add-opens=java.desktop/javax.swing.plaf.basic=ALL-UNNAMED --add-opens=java.desktop/javax.swing.plaf.synth=ALL-UNNAMED --add-opens=java.desktop/com.sun.awt=ALL-UNNAMED -XX:NewSize=60m -XX:MaxNewSize=60m -Xms128m -Xmx3072m -Xss5m 
java_command: <unknown>
java_class_path (initial): C:/Xilinx/Vivado/2020.3\lib\classes\alloy.jar;C:/Xilinx/Vivado/2020.3\lib\classes\ArchiveSummary.jar;C:/Xilinx/Vivado/2020.3\lib\classes\autoesl-models.jar;C:/Xilinx/Vivado/2020.3\lib\classes\autopilot.scelaborator.jar;C:/Xilinx/Vivado/2020.3\lib\classes\autopilot.sourceprocessor.jar;C:/Xilinx/Vivado/2020.3\lib\classes\autopilot.tbprocessor.jar;C:/Xilinx/Vivado/2020.3\lib\classes\batik-anim.jar;C:/Xilinx/Vivado/2020.3\lib\classes\batik-awt-util.jar;C:/Xilinx/Vivado/2020.3\lib\classes\batik-bridge.jar;C:/Xilinx/Vivado/2020.3\lib\classes\batik-codec.jar;C:/Xilinx/Vivado/2020.3\lib\classes\batik-css.jar;C:/Xilinx/Vivado/2020.3\lib\classes\batik-dom.jar;C:/Xilinx/Vivado/2020.3\lib\classes\batik-ext.jar;C:/Xilinx/Vivado/2020.3\lib\classes\batik-gui-util.jar;C:/Xilinx/Vivado/2020.3\lib\classes\batik-gvt.jar;C:/Xilinx/Vivado/2020.3\lib\classes\batik-parser.jar;C:/Xilinx/Vivado/2020.3\lib\classes\batik-script.jar;C:/Xilinx/Vivado/2020.3\lib\classes\batik-svg-dom.jar;C:/Xilinx/Vivado/2020.3\lib\classes\batik-swing.jar;C:/Xilinx/Vivado/2020.3\lib\classes\batik-transcoder.jar;C:/Xilinx/Vivado/2020.3\lib\classes\batik-util.jar;C:/Xilinx/Vivado/2020.3\lib\classes\batik-xml.jar;C:/Xilinx/Vivado/2020.3\lib\classes\com.google.gson_2.8.2.v20180104-1110.jar;C:/Xilinx/Vivado/2020.3\lib\classes\com.google.guava_27.1.0.v20190517-1946.jar;C:/Xilinx/Vivado/2020.3\lib\classes\com.ibm.icu_4.4.2.v20110208.jar;C:/Xilinx/Vivado/2020.3\lib\classes\com.sigasi.hdt.connection_4.10.0.202010071917.jar;C:/Xilinx/Vivado/2020.3\lib\classes\com.sigasi.hdt.epl_4.10.0.202010071917.jar;C:/Xilinx/Vivado/2020.3\lib\classes\com.sigasi.hdt.project_4.10.0.202010071917.jar;C:/Xilinx/Vivado/2020.3\lib\classes\com.sigasi.hdt.readonlyfilesystem_4.10.0.202010071917.jar;C:/Xilinx/Vivado/2020.3\lib\classes\com.sigasi.lcm_4.10.0.202010071917.jar;C:/Xilinx/Vivado/2020.3\lib\classes\com.sigasi.sdk.client_4.10.0.202010071917.jar;C:/Xilinx/Vivado/2020.3\lib\classes\com.xilinx.hls.services.jar;C
Launcher Type: generic

[Global flags]
     bool BytecodeVerificationLocal                = false                                     {product} {command line}
     bool BytecodeVerificationRemote               = false                                     {product} {command line}
     intx CICompilerCount                          = 3                                         {product} {ergonomic}
     uint ConcGCThreads                            = 1                                         {product} {ergonomic}
     uint G1ConcRefinementThreads                  = 4                                         {product} {ergonomic}
   size_t G1HeapRegionSize                         = 1048576                                   {product} {ergonomic}
    uintx GCDrainStackTargetSize                   = 64                                        {product} {ergonomic}
   size_t InitialHeapSize                          = 134217728                                 {product} {command line}
   size_t MarkStackSize                            = 4194304                                   {product} {ergonomic}
   size_t MaxHeapSize                              = 3221225472                                {product} {command line}
   size_t MaxNewSize                               = 62914560                                  {product} {command line}
   size_t MinHeapDeltaBytes                        = 1048576                                   {product} {ergonomic}
   size_t NewSize                                  = 62914560                                  {product} {command line}
    uintx NonNMethodCodeHeapSize                   = 5830092                                {pd product} {ergonomic}
    uintx NonProfiledCodeHeapSize                  = 122914074                              {pd product} {ergonomic}
    uintx ProfiledCodeHeapSize                     = 122914074                              {pd product} {ergonomic}
    uintx ReservedCodeCacheSize                    = 251658240                              {pd product} {ergonomic}
     bool SegmentedCodeCache                       = true                                      {product} {ergonomic}
    uintx StringTableSize                          = 4072                                      {product} {command line}
     intx ThreadStackSize                          = 5120                                   {pd product} {command line}
     bool UseCompressedClassPointers               = true                                 {lp64_product} {ergonomic}
     bool UseCompressedOops                        = true                                 {lp64_product} {ergonomic}
     bool UseG1GC                                  = true                                      {product} {ergonomic}
     bool UseLargePagesIndividualAllocation        = false                                  {pd product} {ergonomic}
     bool UsePerfData                              = false                                     {product} {command line}

Logging:
Log output configuration:
 #0: stdout all=warning uptime,level,tags
 #1: stderr all=off uptime,level,tags

Environment Variables:
PATH=C:/Xilinx/Vivado/2020.3\gnuwin\bin;C:/Xilinx/Vivado/2020.3\gnu\microblaze\nt\bin;C:/Xilinx/Vivado/2020.3/bin;C:/Xilinx/Vivado/2020.3/tps/win64/javafx-sdk-11.0.2/lib;C:/Xilinx/Vivado/2020.3/tps/win64/javafx-sdk-11.0.2/bin;C:/Xilinx/Vivado/2020.3/lib/win64.o;C:/Xilinx/Vivado/2020.3/tps/win64/jre11.0.2/bin/server;C:/Xilinx/Vivado/2020.3/tps/win64/jre11.0.2/bin;C:/Xilinx/Vitis_HLS/2020.3/bin;C:\WINDOWS\system32;C:\WINDOWS;C:\WINDOWS\System32\Wbem;C:\WINDOWS\System32\WindowsPowerShell\v1.0\;C:\WINDOWS\System32\OpenSSH\;C:\Users\Colaborador\AppData\Local\Microsoft\WindowsApps;;C:/Xilinx/Vivado/2020.3\tps\mingw\6.2.0\win64.o\nt\bin;C:/Xilinx/Vivado/2020.3\tps\mingw\6.2.0\win64.o\nt\libexec\gcc\x86_64-w64-mingw32\6.2.0;C:/Xilinx/Vivado/2020.3\tps\win64\python-3.8.3;C:/Xilinx/Vivado/2020.3\tps\win64\python-3.8.3\bin;C:/Xilinx/Vivado/2020.3\tps\win64\python-3.8.3\lib;C:/Xilinx/Vivado/2020.3\tps\win64\python-3.8.3\lib\site-packages
USERNAME=Colaborador
OS=Windows_NT
PROCESSOR_IDENTIFIER=Intel64 Family 6 Model 78 Stepping 3, GenuineIntel



---------------  S Y S T E M  ---------------

OS: Windows 10 , 64 bit Build 19041 (10.0.19041.1023)

CPU:total 4 (initial active 4) (2 cores per cpu, 2 threads per core) family 6 model 78 stepping 3, cmov, cx8, fxsr, mmx, sse, sse2, sse3, ssse3, sse4.1, sse4.2, popcnt, avx, avx2, aes, clmul, erms, 3dnowpref, lzcnt, ht, tsc, tscinvbit, bmi1, bmi2, adx, fma

Memory: 4k page, system-wide physical 3994M (446M free)
TotalPageFile size 16282M (AvailPageFile size 0M)
current process WorkingSet (physical memory assigned to process): 1217M, peak: 1491M
current process commit charge ("private bytes"): 2419M, peak: 2419M

vm_info: OpenJDK 64-Bit Server VM (11.0.2+9) for windows-amd64 JRE (11.0.2+9), built on Jan 18 2019 05:23:22 by "mach5one" with MS VC++ 15.5 (VS2017)

END.
